<?xml version="1.0" encoding="UTF-8"?>
<testsuites name="New Test Suite" time="6.131" tests="1" failures="0" errors="0">
   <testsuite name="New Test Suite" tests="1" failures="0" errors="0" time="6.131" skipped="0" timestamp="2023-01-25 14:34:58" hostname="user - host.docker.internal" id="Test Suites/New Test Suite">
      <properties>
         <property name="deviceName" value=""/>
         <property name="devicePlatform" value=""/>
         <property name="logFolder" value="C:\\Users\\user\\git\\katalon-test\\Reports\\20230125_143457\\New Test Suite\\20230125_143457"/>
         <property name="logFiles" value="C:\\Users\\user\\git\\katalon-test\\Reports\\20230125_143457\\New Test Suite\\20230125_143457\\execution0.log"/>
         <property name="attachments" value=""/>
         <property name="hostName" value="user - host.docker.internal"/>
         <property name="os" value="Windows 10 64bit"/>
         <property name="katalonVersion" value="8.5.5.208"/>
         <property name="browser" value="Chrome 109.0.0.0"/>
         <property name="hostAddress" value="164.8.114.17"/>
         <property name="sessionId" value="805fc043c2384611f3a9522eb425472c"/>
         <property name="seleniumVersion" value="3.141.59"/>
         <property name="proxyInformation" value="ProxyInformation { proxyOption=NO_PROXY, proxyServerType=HTTP, username=, password=********, proxyServerAddress=, proxyServerPort=0, executionList=&quot;&quot;, isApplyToDesiredCapabilities=true }"/>
         <property name="platform" value="Windows 10"/>
      </properties>
      <testcase name="Test Cases/New Test Case feri kontakit 2" time="5.954" classname="Test Cases/New Test Case feri kontakit 2" status="PASSED">
         <system-out><![CDATA[2023-01-25 14:34:59 - [TEST_CASE][PASSED] - Test Cases/New Test Case feri kontakit 2: Test Cases/New Test Case feri kontakit 2

2023-01-25 14:34:59 - [TEST_STEP][PASSED] - openBrowser(""): Browser is opened with url: ''

2023-01-25 14:34:59 - [MESSAGE][INFO] - Starting 'Chrome' driver

2023-01-25 14:34:59 - [MESSAGE][INFO] - Action delay is set to 0 milliseconds

2023-01-25 14:35:01 - [MESSAGE][PASSED] - Browser is opened with url: ''

2023-01-25 14:35:01 - [TEST_STEP][PASSED] - navigateToUrl("https://feri.um.si/"): Navigate to 'https://feri.um.si/' successfully

2023-01-25 14:35:02 - [MESSAGE][PASSED] - Navigate to 'https://feri.um.si/' successfully

2023-01-25 14:35:02 - [TEST_STEP][PASSED] - click(findTestObject("Object Repository/Page_FERI/a_KONTAKTI")): Object: 'Object Repository/Page_FERI/a_KONTAKTI' is clicked on

2023-01-25 14:35:03 - [MESSAGE][PASSED] - Object: 'Object Repository/Page_FERI/a_KONTAKTI' is clicked on

2023-01-25 14:35:03 - [TEST_STEP][PASSED] - setText(findTestObject("Object Repository/Page_FERI - Kontakti/input"), "lucija"): Text 'lucija' is set on object 'Object Repository/Page_FERI - Kontakti/input'

2023-01-25 14:35:04 - [MESSAGE][PASSED] - Text 'lucija' is set on object 'Object Repository/Page_FERI - Kontakti/input'

2023-01-25 14:35:04 - [TEST_STEP][PASSED] - closeBrowser(): Browser is closed

2023-01-25 14:35:05 - [MESSAGE][PASSED] - Browser is closed]]></system-out>
         <system-err><![CDATA[]]></system-err>
      </testcase>
      <system-out><![CDATA[2023-01-25 14:34:58 - [TEST_SUITE][PASSED] - New Test Suite: Test Cases/New Test Case feri kontakit 2]]></system-out>
      <system-err><![CDATA[]]></system-err>
   </testsuite>
</testsuites>
